navigationimpl/build/intermediates/manifest_merge_blame_file/debug/processDebugMainManifest/manifest-merger-blame-debug-report.txt
1<?xml version="1.0" encoding="utf-8"?>
2<manifest xmlns:android="http://schemas.android.com/apk/res/android"
3    package="com.trifcdr.navigationimpl" >
4
5    <uses-sdk
6        android:minSdkVersion="26"
7        android:targetSdkVersion="26" />
8
9    <permission
9-->[androidx.core:core:1.12.0] AndroidManifest.xml:22:5-24:47
10        android:name="com.trifcdr.navigationimpl.DYNAMIC_RECEIVER_NOT_EXPORTED_PERMISSION"
10-->[androidx.core:core:1.12.0] AndroidManifest.xml:23:9-81
11        android:protectionLevel="signature" />
11-->[androidx.core:core:1.12.0] AndroidManifest.xml:24:9-44
12
13    <uses-permission android:name="com.trifcdr.navigationimpl.DYNAMIC_RECEIVER_NOT_EXPORTED_PERMISSION" />
13-->[androidx.core:core:1.12.0] AndroidManifest.xml:26:5-97
13-->[androidx.core:core:1.12.0] AndroidManifest.xml:26:22-94
14
15    <application
16        android:appComponentFactory="androidx.core.app.CoreComponentFactory"
16-->[androidx.core:core:1.12.0] AndroidManifest.xml:28:18-86
17        android:debuggable="true"
18        android:extractNativeLibs="false" >
19        <provider
19-->[androidx.emoji2:emoji2:1.2.0] AndroidManifest.xml:24:9-32:20
20            android:name="androidx.startup.InitializationProvider"
20-->[androidx.emoji2:emoji2:1.2.0] AndroidManifest.xml:25:13-67
21            android:authorities="com.trifcdr.navigationimpl.androidx-startup"
21-->[androidx.emoji2:emoji2:1.2.0] AndroidManifest.xml:26:13-68
22            android:exported="false" >
22-->[androidx.emoji2:emoji2:1.2.0] AndroidManifest.xml:27:13-37
23            <meta-data
23-->[androidx.emoji2:emoji2:1.2.0] AndroidManifest.xml:29:13-31:52
24                android:name="androidx.emoji2.text.EmojiCompatInitializer"
24-->[androidx.emoji2:emoji2:1.2.0] AndroidManifest.xml:30:17-75
25                android:value="androidx.startup" />
25-->[androidx.emoji2:emoji2:1.2.0] AndroidManifest.xml:31:17-49
26            <meta-data
26-->[androidx.lifecycle:lifecycle-process:2.6.2] AndroidManifest.xml:29:13-31:52
27                android:name="androidx.lifecycle.ProcessLifecycleInitializer"
27-->[androidx.lifecycle:lifecycle-process:2.6.2] AndroidManifest.xml:30:17-78
28                android:value="androidx.startup" />
28-->[androidx.lifecycle:lifecycle-process:2.6.2] AndroidManifest.xml:31:17-49
29            <meta-data
29-->[androidx.profileinstaller:profileinstaller:1.3.0] AndroidManifest.xml:29:13-31:52
30                android:name="androidx.profileinstaller.ProfileInstallerInitializer"
30-->[androidx.profileinstaller:profileinstaller:1.3.0] AndroidManifest.xml:30:17-85
31                android:value="androidx.startup" />
31-->[androidx.profileinstaller:profileinstaller:1.3.0] AndroidManifest.xml:31:17-49
32        </provider>
33
34        <uses-library
34-->[androidx.window:window:1.0.0] AndroidManifest.xml:25:9-27:40
35            android:name="androidx.window.extensions"
35-->[androidx.window:window:1.0.0] AndroidManifest.xml:26:13-54
36            android:required="false" />
36-->[androidx.window:window:1.0.0] AndroidManifest.xml:27:13-37
37        <uses-library
37-->[androidx.window:window:1.0.0] AndroidManifest.xml:28:9-30:40
38            android:name="androidx.window.sidecar"
38-->[androidx.window:window:1.0.0] AndroidManifest.xml:29:13-51
39            android:required="false" />
39-->[androidx.window:window:1.0.0] AndroidManifest.xml:30:13-37
40
41        <receiver
41-->[androidx.profileinstaller:profileinstaller:1.3.0] AndroidManifest.xml:34:9-52:20
42            android:name="androidx.profileinstaller.ProfileInstallReceiver"
42-->[androidx.profileinstaller:profileinstaller:1.3.0] AndroidManifest.xml:35:13-76
43            android:directBootAware="false"
43-->[androidx.profileinstaller:profileinstaller:1.3.0] AndroidManifest.xml:36:13-44
44            android:enabled="true"
44-->[androidx.profileinstaller:profileinstaller:1.3.0] AndroidManifest.xml:37:13-35
45            android:exported="true"
45-->[androidx.profileinstaller:profileinstaller:1.3.0] AndroidManifest.xml:38:13-36
46            android:permission="android.permission.DUMP" >
46-->[androidx.profileinstaller:profileinstaller:1.3.0] AndroidManifest.xml:39:13-57
47            <intent-filter>
47-->[androidx.profileinstaller:profileinstaller:1.3.0] AndroidManifest.xml:40:13-42:29
48                <action android:name="androidx.profileinstaller.action.INSTALL_PROFILE" />
48-->[androidx.profileinstaller:profileinstaller:1.3.0] AndroidManifest.xml:41:17-91
48-->[androidx.profileinstaller:profileinstaller:1.3.0] AndroidManifest.xml:41:25-88
49            </intent-filter>
50            <intent-filter>
50-->[androidx.profileinstaller:profileinstaller:1.3.0] AndroidManifest.xml:43:13-45:29
51                <action android:name="androidx.profileinstaller.action.SKIP_FILE" />
51-->[androidx.profileinstaller:profileinstaller:1.3.0] AndroidManifest.xml:44:17-85
51-->[androidx.profileinstaller:profileinstaller:1.3.0] AndroidManifest.xml:44:25-82
52            </intent-filter>
53            <intent-filter>
53-->[androidx.profileinstaller:profileinstaller:1.3.0] AndroidManifest.xml:46:13-48:29
54                <action android:name="androidx.profileinstaller.action.SAVE_PROFILE" />
54-->[androidx.profileinstaller:profileinstaller:1.3.0] AndroidManifest.xml:47:17-88
54-->[androidx.profileinstaller:profileinstaller:1.3.0] AndroidManifest.xml:47:25-85
55            </intent-filter>
56            <intent-filter>
56-->[androidx.profileinstaller:profileinstaller:1.3.0] AndroidManifest.xml:49:13-51:29
57                <action android:name="androidx.profileinstaller.action.BENCHMARK_OPERATION" />
57-->[androidx.profileinstaller:profileinstaller:1.3.0] AndroidManifest.xml:50:17-95
57-->[androidx.profileinstaller:profileinstaller:1.3.0] AndroidManifest.xml:50:25-92
58            </intent-filter>
59        </receiver>
60    </application>
61
62</manifest>